#
# A fatal error has been detected by the Java Runtime Environment:
#
#  EXCEPTION_ACCESS_VIOLATION (0xc0000005) at pc=0x00000000523bed76, pid=7648, tid=0x0000000000001900
#
# JRE version: Java(TM) SE Runtime Environment (8.0_171-b11) (build 1.8.0_171-b11)
# Java VM: Java HotSpot(TM) 64-Bit Server VM (25.171-b11 mixed mode windows-amd64 compressed oops)
# Problematic frame:
# V  [jvm.dll+0x49ed76]
#
# Failed to write core dump. Minidumps are not enabled by default on client versions of Windows
#
# If you would like to submit a bug report, please visit:
#   http://bugreport.java.com/bugreport/crash.jsp
#

---------------  T H R E A D  ---------------

Current thread (0x0000000017e30000):  JavaThread "C2 CompilerThread0" daemon [_thread_in_native, id=6400, stack(0x00000000194a0000,0x00000000195a0000)]

siginfo: ExceptionCode=0xc0000005, reading address 0x000000000000001c

Registers:
RAX=0x000000001d52ef00, RBX=0x000000000000001c, RCX=0x0000000000000007, RDX=0x0000000000000007
RSP=0x000000001959beb0, RBP=0x0000000000020d70, RSI=0x00000000000004b1, RDI=0x000000001d52ef30
R8 =0x0000000010000000, R9 =0x0000000000000000, R10=0x000000001959c220, R11=0x0000000000000017
R12=0x000000001a619c10, R13=0x000000001959c510, R14=0x0000000051f20000, R15=0x0000000052741000
RIP=0x00000000523bed76, EFLAGS=0x0000000000010206

Top of Stack: (sp=0x000000001959beb0)
0x000000001959beb0:   00000000000004b1 0000000000000003
0x000000001959bec0:   0000000000020d70 00000000000004b1
0x000000001959bed0:   000002fe00000000 0000000000000008
0x000000001959bee0:   00000000199e4be0 0000000000000003
0x000000001959bef0:   000000001959c0a0 000000000000000b
0x000000001959bf00:   000000001959c090 00000000523fb244
0x000000001959bf10:   0000000000000006 000000001a297920
0x000000001959bf20:   000000001a208d88 000000001959c510
0x000000001959bf30:   000000001959c510 00000000523c0228
0x000000001959bf40:   0000000000020d70 0000000000000aa3
0x000000001959bf50:   000000001959c040 000000001a630b58
0x000000001959bf60:   0000000600000000 0000000000000018
0x000000001959bf70:   000000001a297920 000004b100000000
0x000000001959bf80:   000001d300000017 0000000000000005
0x000000001959bf90:   0000000005155455 0000000000000000
0x000000001959bfa0:   0000000000000000 0000000000000000 

Instructions: (pc=0x00000000523bed76)
0x00000000523bed56:   f6 43 00 00 4c 8b c8 8b d3 83 e3 1f 41 b8 01 00
0x00000000523bed66:   00 00 c1 ea 05 0f b6 cb 83 e2 07 41 d3 e0 8b ca
0x00000000523bed76:   41 8b 14 91 8b c2 41 0b c0 41 89 04 89 41 85 d0
0x00000000523bed86:   0f 85 a4 fe ff ff ff 07 e9 9d fe ff ff 48 8b bc 


Register to memory mapping:

RAX=0x000000001d52ef00 is an unknown value
RBX=0x000000000000001c is an unknown value
RCX=0x0000000000000007 is an unknown value
RDX=0x0000000000000007 is an unknown value
RSP=0x000000001959beb0 is pointing into the stack for thread: 0x0000000017e30000
RBP=0x0000000000020d70 is an unknown value
RSI=0x00000000000004b1 is an unknown value
RDI=0x000000001d52ef30 is an unknown value
R8 =0x0000000010000000 is an unknown value
R9 =0x0000000000000000 is an unknown value
R10=0x000000001959c220 is pointing into the stack for thread: 0x0000000017e30000
R11=0x0000000000000017 is an unknown value
R12=0x000000001a619c10 is an unknown value
R13=0x000000001959c510 is pointing into the stack for thread: 0x0000000017e30000
R14=0x0000000051f20000 is an unknown value
R15=0x0000000052741000 is an unknown value


Stack: [0x00000000194a0000,0x00000000195a0000],  sp=0x000000001959beb0,  free space=1007k
Native frames: (J=compiled Java code, j=interpreted, Vv=VM code, C=native code)
V  [jvm.dll+0x49ed76]
V  [jvm.dll+0x4a0228]
V  [jvm.dll+0x46a448]
V  [jvm.dll+0x47585b]
V  [jvm.dll+0x478167]
V  [jvm.dll+0x45a902]
V  [jvm.dll+0xa6102]
V  [jvm.dll+0xa6a4f]
V  [jvm.dll+0x245adf]
V  [jvm.dll+0x29d40a]
C  [msvcr100.dll+0x21d9f]
C  [msvcr100.dll+0x21e3b]
C  [KERNEL32.DLL+0x13034]
C  [ntdll.dll+0x71551]


Current CompileTask:
C2:   6019  780       4       java.io.DataInputStream::readUTF (501 bytes)


---------------  P R O C E S S  ---------------

Java Threads: ( => current thread )
  0x000000001a05c000 JavaThread "AWT-Windows" daemon [_thread_in_native, id=2984, stack(0x000000001a900000,0x000000001aa00000)]
  0x000000001a058000 JavaThread "Java2D Disposer" daemon [_thread_blocked, id=7116, stack(0x000000001a700000,0x000000001a800000)]
  0x0000000017e8e000 JavaThread "Service Thread" daemon [_thread_blocked, id=6120, stack(0x0000000019ba0000,0x0000000019ca0000)]
  0x0000000017e46000 JavaThread "C1 CompilerThread2" daemon [_thread_blocked, id=6088, stack(0x00000000196a0000,0x00000000197a0000)]
  0x0000000017e32800 JavaThread "C2 CompilerThread1" daemon [_thread_blocked, id=6372, stack(0x00000000195a0000,0x00000000196a0000)]
=>0x0000000017e30000 JavaThread "C2 CompilerThread0" daemon [_thread_in_native, id=6400, stack(0x00000000194a0000,0x00000000195a0000)]
  0x0000000017e2f000 JavaThread "Attach Listener" daemon [_thread_blocked, id=1704, stack(0x00000000193a0000,0x00000000194a0000)]
  0x0000000017e2c000 JavaThread "Signal Dispatcher" daemon [_thread_blocked, id=3520, stack(0x00000000192a0000,0x00000000193a0000)]
  0x000000000336d800 JavaThread "Finalizer" daemon [_thread_blocked, id=4232, stack(0x0000000019090000,0x0000000019190000)]
  0x0000000003362000 JavaThread "Reference Handler" daemon [_thread_blocked, id=3124, stack(0x0000000018f90000,0x0000000019090000)]
  0x000000000320e800 JavaThread "main" [_thread_in_native, id=6584, stack(0x00000000030d0000,0x00000000031d0000)]

Other Threads:
  0x0000000017df7000 VMThread [stack: 0x0000000018e90000,0x0000000018f90000] [id=7164]
  0x00000000197ea800 WatcherThread [stack: 0x0000000019ca0000,0x0000000019da0000] [id=6452]

VM state:not at safepoint (normal execution)

VM Mutex/Monitor currently owned by a thread: None

Heap:
 PSYoungGen      total 37888K, used 30465K [0x00000000d6180000, 0x00000000d8b80000, 0x0000000100000000)
  eden space 32768K, 92% used [0x00000000d6180000,0x00000000d7f40720,0x00000000d8180000)
  from space 5120K, 0% used [0x00000000d8680000,0x00000000d8680000,0x00000000d8b80000)
  to   space 5120K, 0% used [0x00000000d8180000,0x00000000d8180000,0x00000000d8680000)
 ParOldGen       total 86016K, used 0K [0x0000000082400000, 0x0000000087800000, 0x00000000d6180000)
  object space 86016K, 0% used [0x0000000082400000,0x0000000082400000,0x0000000087800000)
 Metaspace       used 10481K, capacity 10648K, committed 10880K, reserved 1058816K
  class space    used 1234K, capacity 1312K, committed 1408K, reserved 1048576K

Card table byte_map: [0x0000000012730000,0x0000000012b20000] byte_map_base: 0x000000001231e000

Marking Bits: (ParMarkBitMap*) 0x00000000527408c0
 Begin Bits: [0x00000000131c0000, 0x0000000015130000)
 End Bits:   [0x0000000015130000, 0x00000000170a0000)

Polling page: 0x00000000031d0000

CodeCache: size=245760Kb used=3239Kb max_used=3252Kb free=242520Kb
 bounds [0x0000000003370000, 0x00000000036a0000, 0x0000000012370000]
 total_blobs=1333 nmethods=792 adapters=453
 compilation: enabled

Compilation events (10 events):
Event: 5.960 Thread 0x0000000017e46000 nmethod 789 0x00000000036965d0 code [0x0000000003696760, 0x0000000003696a38]
Event: 5.960 Thread 0x0000000017e46000  790       3       org.joda.time.tz.DateTimeZoneBuilder::readMillis (173 bytes)
Event: 5.961 Thread 0x0000000017e46000 nmethod 790 0x0000000003694310 code [0x0000000003694640, 0x00000000036959e8]
Event: 5.963 Thread 0x0000000017e32800 nmethod 788 0x0000000003692850 code [0x00000000036929a0, 0x0000000003692bd8]
Event: 5.965 Thread 0x0000000017e46000  791       1       org.joda.time.field.BaseDateTimeField::isSupported (2 bytes)
Event: 5.965 Thread 0x0000000017e46000 nmethod 791 0x0000000003694050 code [0x00000000036941a0, 0x00000000036942b0]
Event: 5.967 Thread 0x0000000017e46000  792       3       org.eclipse.swt.internal.win32.OS::VERSION (7 bytes)
Event: 5.967 Thread 0x0000000017e46000 nmethod 792 0x0000000003693d50 code [0x0000000003693ea0, 0x0000000003693fd0]
Event: 5.969 Thread 0x0000000017e32800  793       4       org.eclipse.swt.graphics.GC::drawBitmapAlpha (1686 bytes)
Event: 5.984 Thread 0x0000000017e32800 nmethod 793 0x000000000369de90 code [0x000000000369e0c0, 0x000000000369ea68]

GC Heap History (0 events):
No events

Deoptimization events (0 events):
No events

Classes redefined (0 events):
No events

Internal exceptions (10 events):
Event: 0.503 Thread 0x000000000320e800 Exception <a 'java/lang/ArrayIndexOutOfBoundsException'> (0x00000000d6ed8078) thrown at [C:\re\workspace\8-2-build-windows-amd64-cygwin\jdk8u171\10807\hotspot\src\share\vm\runtime\sharedRuntime.cpp, line 605]
Event: 0.504 Thread 0x000000000320e800 Exception <a 'java/lang/ArrayIndexOutOfBoundsException'> (0x00000000d6edab20) thrown at [C:\re\workspace\8-2-build-windows-amd64-cygwin\jdk8u171\10807\hotspot\src\share\vm\runtime\sharedRuntime.cpp, line 605]
Event: 0.511 Thread 0x000000000320e800 Exception <a 'java/lang/ArrayIndexOutOfBoundsException'> (0x00000000d6f429c0) thrown at [C:\re\workspace\8-2-build-windows-amd64-cygwin\jdk8u171\10807\hotspot\src\share\vm\runtime\sharedRuntime.cpp, line 605]
Event: 0.511 Thread 0x000000000320e800 Exception <a 'java/lang/ArrayIndexOutOfBoundsException'> (0x00000000d6f42fc0) thrown at [C:\re\workspace\8-2-build-windows-amd64-cygwin\jdk8u171\10807\hotspot\src\share\vm\runtime\sharedRuntime.cpp, line 605]
Event: 0.511 Thread 0x000000000320e800 Exception <a 'java/lang/ArrayIndexOutOfBoundsException'> (0x00000000d6f44458) thrown at [C:\re\workspace\8-2-build-windows-amd64-cygwin\jdk8u171\10807\hotspot\src\share\vm\runtime\sharedRuntime.cpp, line 605]
Event: 0.511 Thread 0x000000000320e800 Exception <a 'java/lang/ArrayIndexOutOfBoundsException'> (0x00000000d6f46350) thrown at [C:\re\workspace\8-2-build-windows-amd64-cygwin\jdk8u171\10807\hotspot\src\share\vm\runtime\sharedRuntime.cpp, line 605]
Event: 0.511 Thread 0x000000000320e800 Exception <a 'java/lang/ArrayIndexOutOfBoundsException'> (0x00000000d6f47738) thrown at [C:\re\workspace\8-2-build-windows-amd64-cygwin\jdk8u171\10807\hotspot\src\share\vm\runtime\sharedRuntime.cpp, line 605]
Event: 0.511 Thread 0x000000000320e800 Exception <a 'java/lang/ArrayIndexOutOfBoundsException'> (0x00000000d6f49e20) thrown at [C:\re\workspace\8-2-build-windows-amd64-cygwin\jdk8u171\10807\hotspot\src\share\vm\runtime\sharedRuntime.cpp, line 605]
Event: 0.512 Thread 0x000000000320e800 Exception <a 'java/lang/ArrayIndexOutOfBoundsException'> (0x00000000d6f4b290) thrown at [C:\re\workspace\8-2-build-windows-amd64-cygwin\jdk8u171\10807\hotspot\src\share\vm\runtime\sharedRuntime.cpp, line 605]
Event: 0.512 Thread 0x000000000320e800 Exception <a 'java/lang/ArrayIndexOutOfBoundsException'> (0x00000000d6f4cf48) thrown at [C:\re\workspace\8-2-build-windows-amd64-cygwin\jdk8u171\10807\hotspot\src\share\vm\runtime\sharedRuntime.cpp, line 605]

Events (10 events):
Event: 5.971 Thread 0x000000000320e800 DEOPT PACKING pc=0x000000000364f1d3 sp=0x00000000031cda60
Event: 5.971 Thread 0x000000000320e800 DEOPT UNPACKING pc=0x00000000033b7890 sp=0x00000000031cd840 mode 0
Event: 5.972 Thread 0x000000000320e800 DEOPT PACKING pc=0x000000000364f1d3 sp=0x00000000031cda60
Event: 5.972 Thread 0x000000000320e800 DEOPT UNPACKING pc=0x00000000033b7890 sp=0x00000000031cd840 mode 0
Event: 5.974 Thread 0x000000000320e800 DEOPT PACKING pc=0x000000000364f1d3 sp=0x00000000031cda60
Event: 5.974 Thread 0x000000000320e800 DEOPT UNPACKING pc=0x00000000033b7890 sp=0x00000000031cd840 mode 0
Event: 5.975 Thread 0x000000000320e800 DEOPT PACKING pc=0x000000000364f1d3 sp=0x00000000031cda60
Event: 5.975 Thread 0x000000000320e800 DEOPT UNPACKING pc=0x00000000033b7890 sp=0x00000000031cd840 mode 0
Event: 5.976 Thread 0x000000000320e800 DEOPT PACKING pc=0x000000000364f1d3 sp=0x00000000031cda60
Event: 5.976 Thread 0x000000000320e800 DEOPT UNPACKING pc=0x00000000033b7890 sp=0x00000000031cd840 mode 0


Dynamic libraries:
0x00007ff629aa0000 - 0x00007ff629ad7000 	C:\Program Files\Java\jre1.8.0_171\bin\javaw.exe
0x00007fff61170000 - 0x00007fff61351000 	C:\WINDOWS\SYSTEM32\ntdll.dll
0x00007fff60d10000 - 0x00007fff60dc2000 	C:\WINDOWS\System32\KERNEL32.DLL
0x00007fff5d660000 - 0x00007fff5d8d3000 	C:\WINDOWS\System32\KERNELBASE.dll
0x0000000051c00000 - 0x0000000051f1b000 	C:\Program Files (x86)\Norton Security\NortonData\22.7.0.76\Definitions\IPSDefs\20180518.061\IPSEng64.dll
0x00007fff5f430000 - 0x00007fff5f4d1000 	C:\WINDOWS\System32\ADVAPI32.dll
0x00007fff60940000 - 0x00007fff609de000 	C:\WINDOWS\System32\msvcrt.dll
0x00007fff5e630000 - 0x00007fff5e68b000 	C:\WINDOWS\System32\sechost.dll
0x00007fff61010000 - 0x00007fff61134000 	C:\WINDOWS\System32\RPCRT4.dll
0x00007fff60dd0000 - 0x00007fff60dd8000 	C:\WINDOWS\System32\PSAPI.DLL
0x00007fff5e690000 - 0x00007fff5e820000 	C:\WINDOWS\System32\USER32.dll
0x00007fff5d540000 - 0x00007fff5d560000 	C:\WINDOWS\System32\win32u.dll
0x00007fff5e600000 - 0x00007fff5e628000 	C:\WINDOWS\System32\GDI32.dll
0x00007fff5e460000 - 0x00007fff5e5f2000 	C:\WINDOWS\System32\gdi32full.dll
0x00007fff5d560000 - 0x00007fff5d5ff000 	C:\WINDOWS\System32\msvcp_win.dll
0x00007fff5e0c0000 - 0x00007fff5e1ba000 	C:\WINDOWS\System32\ucrtbase.dll
0x00007fff4ca00000 - 0x00007fff4cc69000 	C:\WINDOWS\WinSxS\amd64_microsoft.windows.common-controls_6595b64144ccf1df_6.0.17134.48_none_b4b2216a3cb4dd3e\COMCTL32.dll
0x00007fff609e0000 - 0x00007fff60d03000 	C:\WINDOWS\System32\combase.dll
0x00007fff5d8e0000 - 0x00007fff5d95a000 	C:\WINDOWS\System32\bcryptPrimitives.dll
0x00007fff5f090000 - 0x00007fff5f0bd000 	C:\WINDOWS\System32\IMM32.DLL
0x00000000552b0000 - 0x0000000055382000 	C:\Program Files\Java\jre1.8.0_171\bin\msvcr100.dll
0x0000000051f20000 - 0x00000000527c0000 	C:\Program Files\Java\jre1.8.0_171\bin\server\jvm.dll
0x00007fff59010000 - 0x00007fff59019000 	C:\WINDOWS\SYSTEM32\WSOCK32.dll
0x00007fff60e40000 - 0x00007fff60eac000 	C:\WINDOWS\System32\WS2_32.dll
0x00007fff5bad0000 - 0x00007fff5baf3000 	C:\WINDOWS\SYSTEM32\WINMM.dll
0x00007fff5b720000 - 0x00007fff5b72a000 	C:\WINDOWS\SYSTEM32\VERSION.dll
0x00007fff5baa0000 - 0x00007fff5baca000 	C:\WINDOWS\SYSTEM32\WINMMBASE.dll
0x00007fff5d960000 - 0x00007fff5d9a9000 	C:\WINDOWS\System32\cfgmgr32.dll
0x00000000552a0000 - 0x00000000552af000 	C:\Program Files\Java\jre1.8.0_171\bin\verify.dll
0x0000000055270000 - 0x0000000055299000 	C:\Program Files\Java\jre1.8.0_171\bin\java.dll
0x0000000055250000 - 0x0000000055266000 	C:\Program Files\Java\jre1.8.0_171\bin\zip.dll
0x00007fff5f4e0000 - 0x00007fff60920000 	C:\WINDOWS\System32\SHELL32.dll
0x00007fff5ea20000 - 0x00007fff5eac9000 	C:\WINDOWS\System32\shcore.dll
0x00007fff5d9b0000 - 0x00007fff5e0bd000 	C:\WINDOWS\System32\windows.storage.dll
0x00007fff5f3b0000 - 0x00007fff5f401000 	C:\WINDOWS\System32\shlwapi.dll
0x00007fff5d520000 - 0x00007fff5d531000 	C:\WINDOWS\System32\kernel.appcore.dll
0x00007fff5d480000 - 0x00007fff5d49f000 	C:\WINDOWS\System32\profapi.dll
0x00007fff5d4a0000 - 0x00007fff5d4ec000 	C:\WINDOWS\System32\powrprof.dll
0x00007fff5d4f0000 - 0x00007fff5d4fa000 	C:\WINDOWS\System32\FLTLIB.DLL
0x0000000051a60000 - 0x0000000051bf8000 	C:\Program Files\Java\jre1.8.0_171\bin\awt.dll
0x00007fff5ef20000 - 0x00007fff5efe2000 	C:\WINDOWS\System32\OLEAUT32.dll
0x00007fff5bfa0000 - 0x00007fff5c02b000 	C:\WINDOWS\SYSTEM32\apphelp.dll
0x00007fff5c050000 - 0x00007fff5c0e8000 	C:\WINDOWS\system32\uxtheme.dll
0x00007fff5f230000 - 0x00007fff5f3a5000 	C:\WINDOWS\System32\MSCTF.dll
0x00007fff5b180000 - 0x00007fff5b1a9000 	C:\WINDOWS\system32\dwmapi.dll
0x00007fff60eb0000 - 0x00007fff61001000 	C:\WINDOWS\System32\ole32.dll
0x000000001ab40000 - 0x000000001abe8000 	C:\Users\Michiel\.swt\lib\win32\x86_64\swt-win32-4530.dll
0x00007fff5f140000 - 0x00007fff5f22d000 	C:\WINDOWS\System32\comdlg32.dll
0x00007fff5e270000 - 0x00007fff5e452000 	C:\WINDOWS\System32\CRYPT32.dll
0x00007fff5d500000 - 0x00007fff5d512000 	C:\WINDOWS\System32\MSASN1.dll
0x00007fff58ef0000 - 0x00007fff58f74000 	C:\WINDOWS\SYSTEM32\WINSPOOL.DRV
0x00007fff4a490000 - 0x00007fff4a4a9000 	C:\WINDOWS\SYSTEM32\USP10.dll
0x00007fff4c6b0000 - 0x00007fff4c9ff000 	C:\WINDOWS\SYSTEM32\WININET.dll
0x00007fff59cf0000 - 0x00007fff59ea4000 	C:\WINDOWS\SYSTEM32\PROPSYS.dll
0x00007fff5c720000 - 0x00007fff5c758000 	C:\WINDOWS\SYSTEM32\IPHLPAPI.DLL
0x00007fff5cfa0000 - 0x00007fff5cfc5000 	C:\WINDOWS\SYSTEM32\bcrypt.dll
0x00007fff5eff0000 - 0x00007fff5f090000 	C:\WINDOWS\System32\clbcatq.dll
0x00007fff57500000 - 0x00007fff57598000 	C:\WINDOWS\System32\TextInputFramework.dll
0x00007fff57cc0000 - 0x00007fff57fde000 	C:\WINDOWS\System32\CoreUIComponents.dll
0x00007fff5bda0000 - 0x00007fff5be7a000 	C:\WINDOWS\System32\CoreMessaging.dll
0x00007fff5c1e0000 - 0x00007fff5c211000 	C:\WINDOWS\SYSTEM32\ntmarta.dll
0x00007fff592a0000 - 0x00007fff593ed000 	C:\WINDOWS\SYSTEM32\wintypes.dll
0x00007fff50a50000 - 0x00007fff50a57000 	C:\WINDOWS\SYSTEM32\msimg32.dll
0x00007fff5cfd0000 - 0x00007fff5d199000 	C:\WINDOWS\SYSTEM32\dbghelp.dll

VM Arguments:
jvm_args: -Dfile.encoding=Cp1252 
java_command: rinsim.PeopleMover
java_class_path (initial): C:\Users\Michiel\Documents\1ste master\multiagent systems\project\MAS\rinsim\target\classes;C:\Users\Michiel\.m2\repository\com\github\rinde\rinsim-example\4.4.2\rinsim-example-4.4.2.jar;C:\Users\Michiel\.m2\repository\com\github\rinde\rinsim-core\4.4.2\rinsim-core-4.4.2.jar;C:\Users\Michiel\.m2\repository\net\openhft\affinity\3.0.1\affinity-3.0.1.jar;C:\Users\Michiel\.m2\repository\net\java\dev\jna\jna\4.1.0\jna-4.1.0.jar;C:\Users\Michiel\.m2\repository\net\java\dev\jna\jna-platform\4.1.0\jna-platform-4.1.0.jar;C:\Users\Michiel\.m2\repository\org\kohsuke\jetbrains\annotations\9.0\annotations-9.0.jar;C:\Users\Michiel\.m2\repository\org\slf4j\slf4j-api\1.7.21\slf4j-api-1.7.21.jar;C:\Users\Michiel\.m2\repository\org\apache\commons\commons-lang3\3.4\commons-lang3-3.4.jar;C:\Users\Michiel\.m2\repository\org\apache\commons\commons-math3\3.6.1\commons-math3-3.6.1.jar;C:\Users\Michiel\.m2\repository\commons-io\commons-io\2.5\commons-io-2.5.jar;C:\Users\Michiel\.m2\repository\joda-time\joda-time\2.9.9\joda-time-2.9.9.jar;C:\Users\Michiel\.m2\repository\com\google\code\gson\gson\2.8.0\gson-2.8.0.jar;C:\Users\Michiel\.m2\repository\com\google\code\findbugs\jsr305\3.0.2\jsr305-3.0.2.jar;C:\Users\Michiel\.m2\repository\org\jscience\jscience\4.3.1\jscience-4.3.1.jar;C:\Users\Michiel\.m2\repository\org\javolution\javolution\5.2.3\javolution-5.2.3.jar;C:\Users\Michiel\.m2\repository\com\github\rinde\rinsim-event\4.4.2\rinsim-event-4.4.2.jar;C:\Users\Michiel\.m2\repository\com\github\rinde\rinsim-fsm\4.4.2\rinsim-fsm-4.4.2.jar;C:\Users\Michiel\.m2\repository\com\github\rinde\rinsim-cli\4.4.2\rinsim-cli-4.4.2.jar;C:\Users\Michiel\.m2\repository\com\github\rinde\rinsim-geom\4.4.2\rinsim-geom-4.4.2.jar;C:\Users\Michiel\.m2\repository\com\github\rinde\rinsim-event\4.4.2\rinsim-event-4.4.2-tests.jar;C:\Users\Michiel\.m2\repository\com\github\rinde\rinsim-scenario\4.4.2\rinsim-scenario-4.4.2.jar;C:\Users\Michiel\.m2\repository\com\github\rinde\rinsim-scenario
Launcher Type: SUN_STANDARD

Environment Variables:
PATH=C:/Program Files/Java/jre1.8.0_171/bin/server;C:/Program Files/Java/jre1.8.0_171/bin;C:/Program Files/Java/jre1.8.0_171/lib/amd64;C:\Program Files (x86)\Common Files\Oracle\Java\javapath;C:\ProgramData\Oracle\Java\javapath;C:\WINDOWS\system32;C:\WINDOWS;C:\WINDOWS\System32\Wbem;C:\WINDOWS\System32\WindowsPowerShell\v1.0\;C:\Program Files (x86)\ATI Technologies\ATI.ACE\Core-Static;C:\Program Files\MATLAB\R2016a\runtime\win64;C:\Program Files\MATLAB\R2016a\bin;C:\Program Files\MiKTeX 2.9\miktex\bin\x64\;C:\WINDOWS\System32\OpenSSH\;C:\Tcl\bin;C:\Users\Michiel\AppData\Local\Microsoft\WindowsApps;C:\Program Files\cygwin64;;C:\Program Files (x86)\Common Files\Oracle\Java\javapath;C:\ProgramData\Oracle\Java\javapath;C:\WINDOWS\system32;C:\WINDOWS;C:\WINDOWS\System32\Wbem;C:\WINDOWS\System32\WindowsPowerShell\v1.0\;C:\Program Files (x86)\ATI Technologies\ATI.ACE\Core-Static;C:\Program Files\MATLAB\R2016a\runtime\win64;C:\Program Files\MATLAB\R2016a\bin;C:\Program Files\MiKTeX 2.9\miktex\bin\x64\;C:\WINDOWS\System32\OpenSSH\;C:\Program Files\eclipse\eclipse;
USERNAME=Michiel
OS=Windows_NT
PROCESSOR_IDENTIFIER=Intel64 Family 6 Model 42 Stepping 7, GenuineIntel



---------------  S Y S T E M  ---------------

OS: Windows 10.0 , 64 bit Build 17134 (10.0.17134.1)

CPU:total 4 (initial active 4) (2 cores per cpu, 2 threads per core) family 6 model 42 stepping 7, cmov, cx8, fxsr, mmx, sse, sse2, sse3, ssse3, sse4.1, sse4.2, popcnt, avx, aes, clmul, ht, tsc, tscinvbit

Memory: 4k page, physical 8236908k(5381564k free), swap 16625516k(12919564k free)

vm_info: Java HotSpot(TM) 64-Bit Server VM (25.171-b11) for windows-amd64 JRE (1.8.0_171-b11), built on Mar 28 2018 16:06:12 by "java_re" with MS VC++ 10.0 (VS2010)

time: Tue May 22 09:39:15 2018
elapsed time: 6 seconds (0d 0h 0m 6s)

