#
# A fatal error has been detected by the Java Runtime Environment:
#
#  EXCEPTION_ACCESS_VIOLATION (0xc0000005) at pc=0x000000005237505d, pid=5020, tid=0x0000000000001750
#
# JRE version: Java(TM) SE Runtime Environment (8.0_171-b11) (build 1.8.0_171-b11)
# Java VM: Java HotSpot(TM) 64-Bit Server VM (25.171-b11 mixed mode windows-amd64 compressed oops)
# Problematic frame:
# V  [jvm.dll+0x45505d]
#
# Failed to write core dump. Minidumps are not enabled by default on client versions of Windows
#
# If you would like to submit a bug report, please visit:
#   http://bugreport.java.com/bugreport/crash.jsp
#

---------------  T H R E A D  ---------------

Current thread (0x0000000017298800):  JavaThread "C2 CompilerThread1" daemon [_thread_in_native, id=5968, stack(0x0000000018a00000,0x0000000018b00000)]

siginfo: ExceptionCode=0xc0000005, reading address 0x0000000000000000

Registers:
RAX=0x0000000019872da8, RBX=0x0000000000000000, RCX=0x0000000000000000, RDX=0x00000000198308c0
RSP=0x0000000018afc760, RBP=0x0000000019872ac0, RSI=0x0000000019872db0, RDI=0x0000000000000089
R8 =0x0000000000000008, R9 =0x0000000080000000, R10=0x0000000019892c68, R11=0x0000000019894188
R12=0x0000000019825330, R13=0x0000000052587ec8, R14=0x0000000018afc8c0, R15=0x000000000000002b
RIP=0x000000005237505d, EFLAGS=0x0000000000010246

Top of Stack: (sp=0x0000000018afc760)
0x0000000018afc760:   0000000019894ba8 0000000019892c18
0x0000000018afc770:   0000000019892c18 0000000018afee98
0x0000000018afc780:   000000001982f940 00000000198308c0
0x0000000018afc790:   000000001982f8f0 0000000017256820
0x0000000018afc7a0:   000000005259ac08 0000000017256820
0x0000000018afc7b0:   0000000000000020 00000000198308c0
0x0000000018afc7c0:   0000000018afca80 0000000000028378
0x0000000018afc7d0:   0000000017256820 0000000018afc8c0
0x0000000018afc7e0:   000000001988dcc0 0000000052376e86
0x0000000018afc7f0:   000000001982d2d0 000000001982f8e0
0x0000000018afc800:   00000000198352b8 000000001988dcc0
0x0000000018afc810:   0000000052504868 0000000018afed00
0x0000000018afc820:   0000000000000001 00000000172caaf8
0x0000000018afc830:   0000000000000000 0000000052395768
0x0000000018afc840:   0000000018afed00 0000000018afc940
0x0000000018afc850:   0000000000000001 0000000000000000 

Instructions: (pc=0x000000005237505d)
0x000000005237503d:   23 c8 46 89 0c 82 0f 85 6e 03 00 00 0f 1f 80 00
0x000000005237504d:   00 00 00 48 8b 43 08 48 8b f3 48 8b 18 48 8b cb
0x000000005237505d:   48 8b 03 ff 50 20 48 85 c0 75 23 0f b7 4b 2c 0f
0x000000005237506d:   b6 c1 24 3f 3c 20 75 09 48 8b 43 08 48 3b 18 eb 


Register to memory mapping:

RAX=0x0000000019872da8 is an unknown value
RBX=0x0000000000000000 is an unknown value
RCX=0x0000000000000000 is an unknown value
RDX=0x00000000198308c0 is an unknown value
RSP=0x0000000018afc760 is pointing into the stack for thread: 0x0000000017298800
RBP=0x0000000019872ac0 is an unknown value
RSI=0x0000000019872db0 is an unknown value
RDI=0x0000000000000089 is an unknown value
R8 =0x0000000000000008 is an unknown value
R9 =0x0000000080000000 is an unknown value
R10=0x0000000019892c68 is an unknown value
R11=0x0000000019894188 is an unknown value
R12=0x0000000019825330 is an unknown value
R13=0x0000000052587ec8 is an unknown value
R14=0x0000000018afc8c0 is pointing into the stack for thread: 0x0000000017298800
R15=0x000000000000002b is an unknown value


Stack: [0x0000000018a00000,0x0000000018b00000],  sp=0x0000000018afc760,  free space=1009k
Native frames: (J=compiled Java code, j=interpreted, Vv=VM code, C=native code)
V  [jvm.dll+0x45505d]
V  [jvm.dll+0x456e86]
V  [jvm.dll+0x475768]
V  [jvm.dll+0x478167]
V  [jvm.dll+0x45a902]
V  [jvm.dll+0xa6102]
V  [jvm.dll+0xa6a4f]
V  [jvm.dll+0x245adf]
V  [jvm.dll+0x29d40a]
C  [msvcr100.dll+0x21d9f]
C  [msvcr100.dll+0x21e3b]
C  [KERNEL32.DLL+0x13034]
C  [ntdll.dll+0x71551]


Current CompileTask:
C2:    846  656       4       java.util.zip.ZipCoder::getBytes (192 bytes)


---------------  P R O C E S S  ---------------

Java Threads: ( => current thread )
  0x0000000019508800 JavaThread "AWT-Windows" daemon [_thread_in_native, id=7552, stack(0x0000000019d60000,0x0000000019e60000)]
  0x0000000019507800 JavaThread "AWT-Shutdown" [_thread_blocked, id=8180, stack(0x0000000019c60000,0x0000000019d60000)]
  0x0000000019505000 JavaThread "Java2D Disposer" daemon [_thread_blocked, id=4180, stack(0x0000000019b60000,0x0000000019c60000)]
  0x0000000018c23000 JavaThread "Service Thread" daemon [_thread_blocked, id=5808, stack(0x0000000019000000,0x0000000019100000)]
  0x000000001729f000 JavaThread "C1 CompilerThread2" daemon [_thread_blocked, id=7544, stack(0x0000000018b00000,0x0000000018c00000)]
=>0x0000000017298800 JavaThread "C2 CompilerThread1" daemon [_thread_in_native, id=5968, stack(0x0000000018a00000,0x0000000018b00000)]
  0x0000000017293000 JavaThread "C2 CompilerThread0" daemon [_thread_in_native, id=5824, stack(0x0000000018900000,0x0000000018a00000)]
  0x0000000017291800 JavaThread "Attach Listener" daemon [_thread_blocked, id=7236, stack(0x0000000018800000,0x0000000018900000)]
  0x0000000017290800 JavaThread "Signal Dispatcher" daemon [_thread_blocked, id=4236, stack(0x0000000018700000,0x0000000018800000)]
  0x00000000027ce000 JavaThread "Finalizer" daemon [_thread_blocked, id=3500, stack(0x00000000184f0000,0x00000000185f0000)]
  0x00000000027c3000 JavaThread "Reference Handler" daemon [_thread_blocked, id=5548, stack(0x00000000183f0000,0x00000000184f0000)]
  0x000000000268e800 JavaThread "main" [_thread_in_vm, id=3200, stack(0x0000000002520000,0x0000000002620000)]

Other Threads:
  0x0000000017257800 VMThread [stack: 0x00000000182f0000,0x00000000183f0000] [id=3876]
  0x0000000018c40000 WatcherThread [stack: 0x0000000019100000,0x0000000019200000] [id=5804]

VM state:not at safepoint (normal execution)

VM Mutex/Monitor currently owned by a thread: None

Heap:
 PSYoungGen      total 37888K, used 25207K [0x00000000d6180000, 0x00000000d8b80000, 0x0000000100000000)
  eden space 32768K, 76% used [0x00000000d6180000,0x00000000d7a1dfc0,0x00000000d8180000)
  from space 5120K, 0% used [0x00000000d8680000,0x00000000d8680000,0x00000000d8b80000)
  to   space 5120K, 0% used [0x00000000d8180000,0x00000000d8180000,0x00000000d8680000)
 ParOldGen       total 86016K, used 0K [0x0000000082400000, 0x0000000087800000, 0x00000000d6180000)
  object space 86016K, 0% used [0x0000000082400000,0x0000000082400000,0x0000000087800000)
 Metaspace       used 9610K, capacity 9784K, committed 9984K, reserved 1058816K
  class space    used 1146K, capacity 1216K, committed 1280K, reserved 1048576K

Card table byte_map: [0x0000000011b90000,0x0000000011f80000] byte_map_base: 0x000000001177e000

Marking Bits: (ParMarkBitMap*) 0x00000000527408c0
 Begin Bits: [0x0000000012620000, 0x0000000014590000)
 End Bits:   [0x0000000014590000, 0x0000000016500000)

Polling page: 0x0000000000d30000

CodeCache: size=245760Kb used=2817Kb max_used=2817Kb free=242942Kb
 bounds [0x00000000027d0000, 0x0000000002aa0000, 0x00000000117d0000]
 total_blobs=1188 nmethods=658 adapters=443
 compilation: enabled

Compilation events (10 events):
Event: 0.798 Thread 0x000000001729f000 nmethod 651 0x0000000002a82c10 code [0x0000000002a82e00, 0x0000000002a83678]
Event: 0.802 Thread 0x0000000017293000  652   !   4       sun.misc.URLClassPath$JarLoader::getResource (85 bytes)
Event: 0.803 Thread 0x000000001729f000  653       3       java.util.jar.JarFile::getEntry (22 bytes)
Event: 0.803 Thread 0x000000001729f000 nmethod 653 0x0000000002a825d0 code [0x0000000002a82760, 0x0000000002a82ab8]
Event: 0.803 Thread 0x000000001729f000  654       3       java.util.jar.JarFile::getJarEntry (9 bytes)
Event: 0.803 Thread 0x000000001729f000 nmethod 654 0x0000000002a82090 code [0x0000000002a82200, 0x0000000002a82508]
Event: 0.815 Thread 0x0000000017298800  655       4       java.util.zip.ZipFile::ensureOpen (37 bytes)
Event: 0.816 Thread 0x0000000017298800 nmethod 655 0x0000000002a8ded0 code [0x0000000002a8e000, 0x0000000002a8e098]
Event: 0.820 Thread 0x0000000017298800  656       4       java.util.zip.ZipCoder::getBytes (192 bytes)
Event: 0.822 Thread 0x000000001729f000  657   !   3       sun.misc.URLClassPath$JarLoader::getResource (353 bytes)

GC Heap History (0 events):
No events

Deoptimization events (0 events):
No events

Classes redefined (0 events):
No events

Internal exceptions (10 events):
Event: 0.513 Thread 0x000000000268e800 Exception <a 'java/lang/ArrayIndexOutOfBoundsException'> (0x00000000d6ed6f08) thrown at [C:\re\workspace\8-2-build-windows-amd64-cygwin\jdk8u171\10807\hotspot\src\share\vm\runtime\sharedRuntime.cpp, line 605]
Event: 0.514 Thread 0x000000000268e800 Exception <a 'java/lang/ArrayIndexOutOfBoundsException'> (0x00000000d6ed99b0) thrown at [C:\re\workspace\8-2-build-windows-amd64-cygwin\jdk8u171\10807\hotspot\src\share\vm\runtime\sharedRuntime.cpp, line 605]
Event: 0.522 Thread 0x000000000268e800 Exception <a 'java/lang/ArrayIndexOutOfBoundsException'> (0x00000000d6f41850) thrown at [C:\re\workspace\8-2-build-windows-amd64-cygwin\jdk8u171\10807\hotspot\src\share\vm\runtime\sharedRuntime.cpp, line 605]
Event: 0.522 Thread 0x000000000268e800 Exception <a 'java/lang/ArrayIndexOutOfBoundsException'> (0x00000000d6f41e50) thrown at [C:\re\workspace\8-2-build-windows-amd64-cygwin\jdk8u171\10807\hotspot\src\share\vm\runtime\sharedRuntime.cpp, line 605]
Event: 0.522 Thread 0x000000000268e800 Exception <a 'java/lang/ArrayIndexOutOfBoundsException'> (0x00000000d6f432e8) thrown at [C:\re\workspace\8-2-build-windows-amd64-cygwin\jdk8u171\10807\hotspot\src\share\vm\runtime\sharedRuntime.cpp, line 605]
Event: 0.522 Thread 0x000000000268e800 Exception <a 'java/lang/ArrayIndexOutOfBoundsException'> (0x00000000d6f451e0) thrown at [C:\re\workspace\8-2-build-windows-amd64-cygwin\jdk8u171\10807\hotspot\src\share\vm\runtime\sharedRuntime.cpp, line 605]
Event: 0.522 Thread 0x000000000268e800 Exception <a 'java/lang/ArrayIndexOutOfBoundsException'> (0x00000000d6f465c8) thrown at [C:\re\workspace\8-2-build-windows-amd64-cygwin\jdk8u171\10807\hotspot\src\share\vm\runtime\sharedRuntime.cpp, line 605]
Event: 0.522 Thread 0x000000000268e800 Exception <a 'java/lang/ArrayIndexOutOfBoundsException'> (0x00000000d6f48cb0) thrown at [C:\re\workspace\8-2-build-windows-amd64-cygwin\jdk8u171\10807\hotspot\src\share\vm\runtime\sharedRuntime.cpp, line 605]
Event: 0.523 Thread 0x000000000268e800 Exception <a 'java/lang/ArrayIndexOutOfBoundsException'> (0x00000000d6f4a120) thrown at [C:\re\workspace\8-2-build-windows-amd64-cygwin\jdk8u171\10807\hotspot\src\share\vm\runtime\sharedRuntime.cpp, line 605]
Event: 0.523 Thread 0x000000000268e800 Exception <a 'java/lang/ArrayIndexOutOfBoundsException'> (0x00000000d6f4bdd8) thrown at [C:\re\workspace\8-2-build-windows-amd64-cygwin\jdk8u171\10807\hotspot\src\share\vm\runtime\sharedRuntime.cpp, line 605]

Events (10 events):
Event: 0.820 loading class org/eclipse/swt/internal/image/JPEGFixedSizeSegment
Event: 0.820 loading class org/eclipse/swt/internal/image/JPEGFixedSizeSegment done
Event: 0.820 loading class org/eclipse/swt/internal/image/JPEGSegment
Event: 0.820 loading class org/eclipse/swt/internal/image/JPEGSegment done
Event: 0.821 loading class org/eclipse/swt/internal/image/PNGFileFormat
Event: 0.821 loading class org/eclipse/swt/internal/image/PNGFileFormat done
Event: 0.822 loading class org/eclipse/swt/internal/image/PngInputStream
Event: 0.822 loading class org/eclipse/swt/internal/image/PngInputStream done
Event: 0.823 loading class org/eclipse/swt/internal/image/PngDecodingDataStream
Event: 0.823 loading class org/eclipse/swt/internal/image/PngDecodingDataStream done


Dynamic libraries:
0x00007ff629aa0000 - 0x00007ff629ad7000 	C:\Program Files\Java\jre1.8.0_171\bin\javaw.exe
0x00007fff61170000 - 0x00007fff61351000 	C:\WINDOWS\SYSTEM32\ntdll.dll
0x00007fff60d10000 - 0x00007fff60dc2000 	C:\WINDOWS\System32\KERNEL32.DLL
0x00007fff5d660000 - 0x00007fff5d8d3000 	C:\WINDOWS\System32\KERNELBASE.dll
0x0000000051c00000 - 0x0000000051f1b000 	C:\Program Files (x86)\Norton Security\NortonData\22.7.0.76\Definitions\IPSDefs\20180518.061\IPSEng64.dll
0x00007fff5f430000 - 0x00007fff5f4d1000 	C:\WINDOWS\System32\ADVAPI32.dll
0x00007fff60940000 - 0x00007fff609de000 	C:\WINDOWS\System32\msvcrt.dll
0x00007fff5e630000 - 0x00007fff5e68b000 	C:\WINDOWS\System32\sechost.dll
0x00007fff61010000 - 0x00007fff61134000 	C:\WINDOWS\System32\RPCRT4.dll
0x00007fff60dd0000 - 0x00007fff60dd8000 	C:\WINDOWS\System32\PSAPI.DLL
0x00007fff5e690000 - 0x00007fff5e820000 	C:\WINDOWS\System32\USER32.dll
0x00007fff5d540000 - 0x00007fff5d560000 	C:\WINDOWS\System32\win32u.dll
0x00007fff5e600000 - 0x00007fff5e628000 	C:\WINDOWS\System32\GDI32.dll
0x00007fff5e460000 - 0x00007fff5e5f2000 	C:\WINDOWS\System32\gdi32full.dll
0x00007fff5d560000 - 0x00007fff5d5ff000 	C:\WINDOWS\System32\msvcp_win.dll
0x00007fff5e0c0000 - 0x00007fff5e1ba000 	C:\WINDOWS\System32\ucrtbase.dll
0x00007fff4ca00000 - 0x00007fff4cc69000 	C:\WINDOWS\WinSxS\amd64_microsoft.windows.common-controls_6595b64144ccf1df_6.0.17134.48_none_b4b2216a3cb4dd3e\COMCTL32.dll
0x00007fff609e0000 - 0x00007fff60d03000 	C:\WINDOWS\System32\combase.dll
0x00007fff5d8e0000 - 0x00007fff5d95a000 	C:\WINDOWS\System32\bcryptPrimitives.dll
0x00007fff5f090000 - 0x00007fff5f0bd000 	C:\WINDOWS\System32\IMM32.DLL
0x00000000552b0000 - 0x0000000055382000 	C:\Program Files\Java\jre1.8.0_171\bin\msvcr100.dll
0x0000000051f20000 - 0x00000000527c0000 	C:\Program Files\Java\jre1.8.0_171\bin\server\jvm.dll
0x00007fff59010000 - 0x00007fff59019000 	C:\WINDOWS\SYSTEM32\WSOCK32.dll
0x00007fff60e40000 - 0x00007fff60eac000 	C:\WINDOWS\System32\WS2_32.dll
0x00007fff5bad0000 - 0x00007fff5baf3000 	C:\WINDOWS\SYSTEM32\WINMM.dll
0x00007fff5b720000 - 0x00007fff5b72a000 	C:\WINDOWS\SYSTEM32\VERSION.dll
0x00007fff5baa0000 - 0x00007fff5baca000 	C:\WINDOWS\SYSTEM32\WINMMBASE.dll
0x00007fff5d960000 - 0x00007fff5d9a9000 	C:\WINDOWS\System32\cfgmgr32.dll
0x00000000552a0000 - 0x00000000552af000 	C:\Program Files\Java\jre1.8.0_171\bin\verify.dll
0x0000000055270000 - 0x0000000055299000 	C:\Program Files\Java\jre1.8.0_171\bin\java.dll
0x0000000055250000 - 0x0000000055266000 	C:\Program Files\Java\jre1.8.0_171\bin\zip.dll
0x00007fff5f4e0000 - 0x00007fff60920000 	C:\WINDOWS\System32\SHELL32.dll
0x00007fff5ea20000 - 0x00007fff5eac9000 	C:\WINDOWS\System32\shcore.dll
0x00007fff5d9b0000 - 0x00007fff5e0bd000 	C:\WINDOWS\System32\windows.storage.dll
0x00007fff5f3b0000 - 0x00007fff5f401000 	C:\WINDOWS\System32\shlwapi.dll
0x00007fff5d520000 - 0x00007fff5d531000 	C:\WINDOWS\System32\kernel.appcore.dll
0x00007fff5d480000 - 0x00007fff5d49f000 	C:\WINDOWS\System32\profapi.dll
0x00007fff5d4a0000 - 0x00007fff5d4ec000 	C:\WINDOWS\System32\powrprof.dll
0x00007fff5d4f0000 - 0x00007fff5d4fa000 	C:\WINDOWS\System32\FLTLIB.DLL
0x0000000051a60000 - 0x0000000051bf8000 	C:\Program Files\Java\jre1.8.0_171\bin\awt.dll
0x00007fff5ef20000 - 0x00007fff5efe2000 	C:\WINDOWS\System32\OLEAUT32.dll
0x00007fff5bfa0000 - 0x00007fff5c02b000 	C:\WINDOWS\SYSTEM32\apphelp.dll
0x00007fff5c050000 - 0x00007fff5c0e8000 	C:\WINDOWS\system32\uxtheme.dll
0x00007fff5f230000 - 0x00007fff5f3a5000 	C:\WINDOWS\System32\MSCTF.dll
0x00007fff5b180000 - 0x00007fff5b1a9000 	C:\WINDOWS\system32\dwmapi.dll
0x00007fff60eb0000 - 0x00007fff61001000 	C:\WINDOWS\System32\ole32.dll
0x0000000019f20000 - 0x0000000019fc8000 	C:\Users\Michiel\.swt\lib\win32\x86_64\swt-win32-4530.dll
0x00007fff5f140000 - 0x00007fff5f22d000 	C:\WINDOWS\System32\comdlg32.dll
0x00007fff5e270000 - 0x00007fff5e452000 	C:\WINDOWS\System32\CRYPT32.dll
0x00007fff5d500000 - 0x00007fff5d512000 	C:\WINDOWS\System32\MSASN1.dll
0x00007fff58ef0000 - 0x00007fff58f74000 	C:\WINDOWS\SYSTEM32\WINSPOOL.DRV
0x00007fff4a490000 - 0x00007fff4a4a9000 	C:\WINDOWS\SYSTEM32\USP10.dll
0x00007fff4c6b0000 - 0x00007fff4c9ff000 	C:\WINDOWS\SYSTEM32\WININET.dll
0x00007fff59cf0000 - 0x00007fff59ea4000 	C:\WINDOWS\SYSTEM32\PROPSYS.dll
0x00007fff5c720000 - 0x00007fff5c758000 	C:\WINDOWS\SYSTEM32\IPHLPAPI.DLL
0x00007fff5cfa0000 - 0x00007fff5cfc5000 	C:\WINDOWS\SYSTEM32\bcrypt.dll
0x00007fff5eff0000 - 0x00007fff5f090000 	C:\WINDOWS\System32\clbcatq.dll
0x00007fff57500000 - 0x00007fff57598000 	C:\WINDOWS\System32\TextInputFramework.dll
0x00007fff57cc0000 - 0x00007fff57fde000 	C:\WINDOWS\System32\CoreUIComponents.dll
0x00007fff5bda0000 - 0x00007fff5be7a000 	C:\WINDOWS\System32\CoreMessaging.dll
0x00007fff5c1e0000 - 0x00007fff5c211000 	C:\WINDOWS\SYSTEM32\ntmarta.dll
0x00007fff592a0000 - 0x00007fff593ed000 	C:\WINDOWS\SYSTEM32\wintypes.dll
0x00007fff5cfd0000 - 0x00007fff5d199000 	C:\WINDOWS\SYSTEM32\dbghelp.dll

VM Arguments:
jvm_args: -Dfile.encoding=Cp1252 
java_command: rinsim.PeopleMover
java_class_path (initial): C:\Users\Michiel\Documents\1ste master\multiagent systems\project\MAS\rinsim\target\classes;C:\Users\Michiel\.m2\repository\com\github\rinde\rinsim-example\4.4.2\rinsim-example-4.4.2.jar;C:\Users\Michiel\.m2\repository\com\github\rinde\rinsim-core\4.4.2\rinsim-core-4.4.2.jar;C:\Users\Michiel\.m2\repository\net\openhft\affinity\3.0.1\affinity-3.0.1.jar;C:\Users\Michiel\.m2\repository\net\java\dev\jna\jna\4.1.0\jna-4.1.0.jar;C:\Users\Michiel\.m2\repository\net\java\dev\jna\jna-platform\4.1.0\jna-platform-4.1.0.jar;C:\Users\Michiel\.m2\repository\org\kohsuke\jetbrains\annotations\9.0\annotations-9.0.jar;C:\Users\Michiel\.m2\repository\org\slf4j\slf4j-api\1.7.21\slf4j-api-1.7.21.jar;C:\Users\Michiel\.m2\repository\org\apache\commons\commons-lang3\3.4\commons-lang3-3.4.jar;C:\Users\Michiel\.m2\repository\org\apache\commons\commons-math3\3.6.1\commons-math3-3.6.1.jar;C:\Users\Michiel\.m2\repository\commons-io\commons-io\2.5\commons-io-2.5.jar;C:\Users\Michiel\.m2\repository\joda-time\joda-time\2.9.9\joda-time-2.9.9.jar;C:\Users\Michiel\.m2\repository\com\google\code\gson\gson\2.8.0\gson-2.8.0.jar;C:\Users\Michiel\.m2\repository\com\google\code\findbugs\jsr305\3.0.2\jsr305-3.0.2.jar;C:\Users\Michiel\.m2\repository\org\jscience\jscience\4.3.1\jscience-4.3.1.jar;C:\Users\Michiel\.m2\repository\org\javolution\javolution\5.2.3\javolution-5.2.3.jar;C:\Users\Michiel\.m2\repository\com\github\rinde\rinsim-event\4.4.2\rinsim-event-4.4.2.jar;C:\Users\Michiel\.m2\repository\com\github\rinde\rinsim-fsm\4.4.2\rinsim-fsm-4.4.2.jar;C:\Users\Michiel\.m2\repository\com\github\rinde\rinsim-cli\4.4.2\rinsim-cli-4.4.2.jar;C:\Users\Michiel\.m2\repository\com\github\rinde\rinsim-geom\4.4.2\rinsim-geom-4.4.2.jar;C:\Users\Michiel\.m2\repository\com\github\rinde\rinsim-event\4.4.2\rinsim-event-4.4.2-tests.jar;C:\Users\Michiel\.m2\repository\com\github\rinde\rinsim-scenario\4.4.2\rinsim-scenario-4.4.2.jar;C:\Users\Michiel\.m2\repository\com\github\rinde\rinsim-scenario
Launcher Type: SUN_STANDARD

Environment Variables:
PATH=C:/Program Files/Java/jre1.8.0_171/bin/server;C:/Program Files/Java/jre1.8.0_171/bin;C:/Program Files/Java/jre1.8.0_171/lib/amd64;C:\Program Files (x86)\Common Files\Oracle\Java\javapath;C:\ProgramData\Oracle\Java\javapath;C:\WINDOWS\system32;C:\WINDOWS;C:\WINDOWS\System32\Wbem;C:\WINDOWS\System32\WindowsPowerShell\v1.0\;C:\Program Files (x86)\ATI Technologies\ATI.ACE\Core-Static;C:\Program Files\MATLAB\R2016a\runtime\win64;C:\Program Files\MATLAB\R2016a\bin;C:\Program Files\MiKTeX 2.9\miktex\bin\x64\;C:\WINDOWS\System32\OpenSSH\;C:\Tcl\bin;C:\Users\Michiel\AppData\Local\Microsoft\WindowsApps;C:\Program Files\cygwin64;;C:\Program Files (x86)\Common Files\Oracle\Java\javapath;C:\ProgramData\Oracle\Java\javapath;C:\WINDOWS\system32;C:\WINDOWS;C:\WINDOWS\System32\Wbem;C:\WINDOWS\System32\WindowsPowerShell\v1.0\;C:\Program Files (x86)\ATI Technologies\ATI.ACE\Core-Static;C:\Program Files\MATLAB\R2016a\runtime\win64;C:\Program Files\MATLAB\R2016a\bin;C:\Program Files\MiKTeX 2.9\miktex\bin\x64\;C:\WINDOWS\System32\OpenSSH\;C:\Program Files\eclipse\eclipse;
USERNAME=Michiel
OS=Windows_NT
PROCESSOR_IDENTIFIER=Intel64 Family 6 Model 42 Stepping 7, GenuineIntel



---------------  S Y S T E M  ---------------

OS: Windows 10.0 , 64 bit Build 17134 (10.0.17134.1)

CPU:total 4 (initial active 4) (2 cores per cpu, 2 threads per core) family 6 model 42 stepping 7, cmov, cx8, fxsr, mmx, sse, sse2, sse3, ssse3, sse4.1, sse4.2, popcnt, avx, aes, clmul, ht, tsc, tscinvbit

Memory: 4k page, physical 8236908k(5380632k free), swap 16625516k(12918564k free)

vm_info: Java HotSpot(TM) 64-Bit Server VM (25.171-b11) for windows-amd64 JRE (1.8.0_171-b11), built on Mar 28 2018 16:06:12 by "java_re" with MS VC++ 10.0 (VS2010)

time: Tue May 22 09:39:28 2018
elapsed time: 0 seconds (0d 0h 0m 0s)

